-I: Adding /home/rzhu/miniconda3/envs/BSS/dat/leap/prep to search path.
-I: Adding /home/rzhu/miniconda3/envs/BSS/dat/leap/lib to search path.
-I: Adding /home/rzhu/miniconda3/envs/BSS/dat/leap/parm to search path.
-I: Adding /home/rzhu/miniconda3/envs/BSS/dat/leap/cmd to search path.
-f: Source leap.txt.

Welcome to LEaP!
(no leaprc in search path)
Sourcing: ./leap.txt
----- Source: /home/rzhu/miniconda3/envs/BSS/dat/leap/cmd/leaprc.gaff2
----- Source of /home/rzhu/miniconda3/envs/BSS/dat/leap/cmd/leaprc.gaff2 done
Log file: ./leap.log
Loading parameters: /home/rzhu/miniconda3/envs/BSS/dat/leap/parm/gaff2.dat
Reading title:
AMBER General Force Field for organic molecules (Version 2.11, May 2016)
Loading Mol2 file: ./antechamber.mol2
Reading MOLECULE named UNL
Loading parameters: ./antechamber.frcmod
Reading force field modification type file (frcmod)
Reading title:
Remark line goes here
Checking Unit.
Building topology.
Building atom parameters.
Building bond parameters.
Building angle parameters.
Building proper torsion parameters.

/home/rzhu/miniconda3/envs/BSS/bin/teLeap: Note.
1-4: angle 17 19 duplicates bond ('triangular' bond) or angle ('square' bond)


/home/rzhu/miniconda3/envs/BSS/bin/teLeap: Note.
1-4: angle 17 18 duplicates bond ('triangular' bond) or angle ('square' bond)


/home/rzhu/miniconda3/envs/BSS/bin/teLeap: Note.
1-4: angle 18 19 duplicates bond ('triangular' bond) or angle ('square' bond)

Building improper torsion parameters.
 total 13 improper torsions applied
Building H-Bond parameters.
Incorporating Non-Bonded adjustments.
Not Marking per-residue atom chain types.
Marking per-residue atom chain types.
  (Residues lacking connect0/connect1 - 
   these don't have chain types marked:

	res	total affected

	UNL	1
  )
 (no restraints)
	Quit

Exiting LEaP: Errors = 0; Warnings = 0; Notes = 3.
