            --------------------------------------------------------
                             AMBER SQM VERSION 19
 
                                     By
              Ross C. Walker, Michael F. Crowley, Scott Brozell,
                         Tim Giese, Andreas W. Goetz,
                        Tai-Sung Lee and David A. Case
 
            --------------------------------------------------------
 

--------------------------------------------------------------------------------
  QM CALCULATION INFO
--------------------------------------------------------------------------------

| QMMM: Citation for AMBER QMMM Run:
| QMMM: R.C. Walker, M.F. Crowley and D.A. Case, J. COMP. CHEM. 29:1019, 2008

QMMM: SINGLET STATE CALCULATION
QMMM: RHF CALCULATION, NO. OF DOUBLY OCCUPIED LEVELS = 51

| QMMM: *** Selected Hamiltonian *** 
| QMMM: AM1         

| QMMM: *** Parameter sets in use ***
| QMMM: Cl: M.J.S.DEWAR et al. THEOCHEM, 180, 1, (1988)
| QMMM: C : M.J.S.DEWAR et al. JACS, 107, 3902, (1985)
| QMMM: O : M.J.S.DEWAR et al. JACS, 107, 3902, (1985)
| QMMM: N : M.J.S.DEWAR et al. JACS, 107, 3902, (1985)
| QMMM: H : M.J.S.DEWAR et al. JACS, 107, 3902, (1985)

| QMMM: *** SCF convergence criteria ***
| QMMM: Energy change                :  0.1D-09 kcal/mol
| QMMM: Error matrix |FP-PF|         :  0.1D+00 au
| QMMM: Density matrix change        :  0.5D-06
| QMMM: Maximum number of SCF cycles :     1000

| QMMM: *** Diagonalization Routine Information ***
| QMMM: Pseudo diagonalizations are allowed.
| QMMM: Auto diagonalization routine selection is in use.
| QMMM:
| QMMM: Timing diagonalization routines:
| QMMM:                              norbs =       95
| QMMM:    diag iterations used for timing =       15
| QMMM:
| QMMM:              Internal diag routine = 0.048557 seconds
| QMMM:                 Dspev diag routine = 0.049925 seconds
| QMMM:                Dspevd diag routine = 0.032186 seconds
| QMMM:                Dspevx diag routine = 0.131454 seconds
| QMMM:                 Dsyev diag routine = 0.047909 seconds
| QMMM:                Dsyevd diag routine = 0.029909 seconds
| QMMM:                Dsyevr diag routine = 0.036849 seconds
| QMMM:
| QMMM:                Pseudo diag routine = 0.017525 seconds
| QMMM:
| QMMM: Using dsyevd routine (diag_routine=6).

  QMMM: QM Region Cartesian Coordinates (*=link atom) 
  QMMM: QM_NO.   MM_NO.  ATOM         X         Y         Z
  QMMM:     1        1      Cl       6.5490    0.7670    0.6980
  QMMM:     2        2      C        5.3280    0.2450   -0.4230
  QMMM:     3        3      C        5.5370    0.1910   -1.7930
  QMMM:     4        4      C        4.5590   -0.2260   -2.6610
  QMMM:     5        5      C        3.3340   -0.6010   -2.1430
  QMMM:     6        6      C        3.0830   -0.5630   -0.7870
  QMMM:     7        7      C        1.7570   -0.9780   -0.2970
  QMMM:     8        8      C        0.7780    0.1520   -0.2740
  QMMM:     9        9      O        1.2160    1.2490   -0.6750
  QMMM:    10       10      N       -0.5340   -0.0700    0.1800
  QMMM:    11       11      C       -1.5620    0.8860    0.2580
  QMMM:    12       12      C       -1.4910    2.1850   -0.1880
  QMMM:    13       13      N       -2.5580    3.0370   -0.0930
  QMMM:    14       14      C       -3.7360    2.6730    0.4350
  QMMM:    15       15      C       -3.8640    1.3790    0.8990
  QMMM:    16       16      C       -2.7880    0.4980    0.8100
  QMMM:    17       17      C       -2.9550   -0.8560    1.3360
  QMMM:    18       18      C       -4.2810   -1.3810    1.7430
  QMMM:    19       19      C       -3.6700   -1.8330    0.4160
  QMMM:    20       20      C        4.0860   -0.1380    0.0800
  QMMM:    21       21      H        6.5200    0.4970   -2.1620
  QMMM:    22       22      H        4.7160   -0.2700   -3.7250
  QMMM:    23       23      H        2.5450   -0.9360   -2.8200
  QMMM:    24       24      H        1.9010   -1.3400    0.7590
  QMMM:    25       25      H        1.4090   -1.8280   -0.9070
  QMMM:    26       26      H       -0.7500   -1.0650    0.4800
  QMMM:    27       27      H       -0.5670    2.5320   -0.6240
  QMMM:    28       28      H       -4.5520    3.3790    0.4900
  QMMM:    29       29      H       -4.8220    1.0980    1.3250
  QMMM:    30       30      H       -2.0810   -1.2670    1.8870
  QMMM:    31       31      H       -4.2710   -2.2110    2.4910
  QMMM:    32       32      H       -5.2070   -0.8220    1.7540
  QMMM:    33       33      H       -3.2910   -2.8500    0.3040
  QMMM:    34       34      H       -4.2290   -1.4270   -0.4510
  QMMM:    35       35      H        3.8940   -0.1070    1.1470

--------------------------------------------------------------------------------
  RESULTS
--------------------------------------------------------------------------------

      iter         sqm energy              rms gradient
      ----    -------------------    -----------------------
xmin    10       40.1400 kcal/mol        1.3643 kcal/(mol*A)
xmin    20       39.1921 kcal/mol        0.1691 kcal/(mol*A)
xmin    30       39.0155 kcal/mol        0.2966 kcal/(mol*A)
xmin    40       38.9416 kcal/mol        0.6646 kcal/(mol*A)
xmin    50       38.8970 kcal/mol        0.3088 kcal/(mol*A)
xmin    60       38.8739 kcal/mol        0.0456 kcal/(mol*A)
xmin    70       38.8631 kcal/mol        0.0942 kcal/(mol*A)
xmin    80       38.8511 kcal/mol        0.0568 kcal/(mol*A)
xmin    90       38.8485 kcal/mol        0.0708 kcal/(mol*A)
xmin   100       38.8443 kcal/mol        0.1236 kcal/(mol*A)
xmin   110       38.8343 kcal/mol        0.1488 kcal/(mol*A)
xmin   120       38.8083 kcal/mol        0.1424 kcal/(mol*A)
xmin   130       38.8004 kcal/mol        0.1219 kcal/(mol*A)
xmin   140       38.7785 kcal/mol        0.4041 kcal/(mol*A)
xmin   150       38.6537 kcal/mol        0.7798 kcal/(mol*A)
xmin   160       38.3885 kcal/mol        0.5202 kcal/(mol*A)
xmin   170       38.2438 kcal/mol        0.2103 kcal/(mol*A)
xmin   180       38.0474 kcal/mol        0.3471 kcal/(mol*A)
xmin   190       37.9599 kcal/mol        0.6773 kcal/(mol*A)
xmin   200       37.8302 kcal/mol        0.6895 kcal/(mol*A)
xmin   210       37.7118 kcal/mol        0.5491 kcal/(mol*A)
xmin   220       37.3569 kcal/mol        0.4636 kcal/(mol*A)
xmin   230       37.2087 kcal/mol        0.6946 kcal/(mol*A)
xmin   240       36.6575 kcal/mol        0.3136 kcal/(mol*A)
xmin   250       36.4833 kcal/mol        0.3282 kcal/(mol*A)
xmin   260       36.3648 kcal/mol        0.1761 kcal/(mol*A)
xmin   270       36.3021 kcal/mol        0.1305 kcal/(mol*A)
xmin   280       36.2036 kcal/mol        0.4307 kcal/(mol*A)
xmin   290       36.1284 kcal/mol        0.1922 kcal/(mol*A)
xmin   300       36.1129 kcal/mol        0.2919 kcal/(mol*A)
xmin   310       36.0465 kcal/mol        0.1718 kcal/(mol*A)
xmin   320       35.9392 kcal/mol        0.2613 kcal/(mol*A)
xmin   330       35.8972 kcal/mol        0.1257 kcal/(mol*A)
xmin   340       35.8722 kcal/mol        0.2369 kcal/(mol*A)
xmin   350       35.8044 kcal/mol        0.3242 kcal/(mol*A)
xmin   360       35.7871 kcal/mol        0.1580 kcal/(mol*A)
xmin   370       35.7513 kcal/mol        0.2477 kcal/(mol*A)
xmin   380       35.7352 kcal/mol        0.1100 kcal/(mol*A)
xmin   390       35.7145 kcal/mol        0.3305 kcal/(mol*A)
xmin   400       35.6503 kcal/mol        0.1575 kcal/(mol*A)
xmin   410       35.5619 kcal/mol        0.3243 kcal/(mol*A)
xmin   420       35.5267 kcal/mol        0.0514 kcal/(mol*A)
xmin   430       35.5008 kcal/mol        0.2236 kcal/(mol*A)
xmin   440       35.4879 kcal/mol        0.0765 kcal/(mol*A)
xmin   450       35.4523 kcal/mol        0.0725 kcal/(mol*A)
xmin   460       35.4284 kcal/mol        0.1135 kcal/(mol*A)
xmin   470       35.4129 kcal/mol        0.3489 kcal/(mol*A)
xmin   480       35.3861 kcal/mol        0.0695 kcal/(mol*A)
xmin   490       35.3815 kcal/mol        0.1048 kcal/(mol*A)
xmin   500       35.3803 kcal/mol        0.0572 kcal/(mol*A)
xmin   510       35.3797 kcal/mol        0.0134 kcal/(mol*A)
xmin   520       35.3796 kcal/mol        0.0090 kcal/(mol*A)
xmin   530       35.3795 kcal/mol        0.0093 kcal/(mol*A)
xmin   540       35.3793 kcal/mol        0.0073 kcal/(mol*A)
xmin   550       35.3792 kcal/mol        0.0135 kcal/(mol*A)
xmin   560       35.3791 kcal/mol        0.0114 kcal/(mol*A)
xmin   570       35.3790 kcal/mol        0.0028 kcal/(mol*A)
xmin   580       35.3789 kcal/mol        0.0049 kcal/(mol*A)
xmin   590       35.3789 kcal/mol        0.0031 kcal/(mol*A)
xmin   600       35.3789 kcal/mol        0.0024 kcal/(mol*A)
xmin   610       37.8680 kcal/mol        6.7324 kcal/(mol*A)
xmin   620       35.3799 kcal/mol        0.0567 kcal/(mol*A)
xmin   630       35.3790 kcal/mol        0.0300 kcal/(mol*A)
xmin   640       35.3789 kcal/mol        0.0024 kcal/(mol*A)
xmin   650       35.3789 kcal/mol        0.0015 kcal/(mol*A)
xmin   660       35.3789 kcal/mol        0.0033 kcal/(mol*A)
xmin   670       35.3789 kcal/mol        0.0008 kcal/(mol*A)
xmin   680       35.3789 kcal/mol        0.0008 kcal/(mol*A)
  ... geometry converged !
 
 Final MO eigenvalues (eV):
 -41.2654  -40.4265  -39.3020  -38.3395  -37.8869  -35.7981  -34.2018  -32.5030
 -31.8749  -30.4808  -28.6901  -25.6859  -24.7718  -24.0174  -23.5476  -23.0456
 -21.6466  -21.3032  -18.7065  -18.5898  -17.8488  -17.5924  -17.0837  -16.8684
 -16.5965  -16.2205  -15.8754  -15.3892  -15.1945  -15.0826  -14.7857  -14.6964
 -14.4500  -14.1222  -13.6196  -13.2286  -12.9731  -12.9474  -12.7561  -12.6857
 -12.5958  -12.2325  -12.1271  -11.9187  -11.6448  -11.1879  -10.5766  -10.2180
 -10.1966   -9.9083   -8.9299   -0.3459   -0.2445    0.0237    0.2718    0.9774
   1.2452    1.5771    2.1237    2.4799    2.8340    3.0539    3.2124    3.2346
   3.3126    3.3915    3.5206    3.5947    3.6610    3.7123    3.7935    3.8130
   3.8752    4.0016    4.0436    4.1104    4.2381    4.2918    4.3280    4.3850
   4.4860    4.6363    4.6656    4.7047    4.7166    4.8097    4.9862    5.0308
   5.1117    5.1957    5.2953    5.8068    5.9332    6.6981    7.0269

 Heat of formation   =         35.37886488 kcal/mol  (        1.53414270 eV)

 Total SCF energy    =     -77523.55255843 kcal/mol  (    -3361.67349891 eV)
 Electronic energy   =    -506557.40173850 kcal/mol  (   -21965.97726632 eV)
 Core-core repulsion =     429033.84918007 kcal/mol  (    18604.30376740 eV)
 
    Atomic Charges for Step       1 :
  Atom    Element       Mulliken Charge
     1      Cl                -0.011
     2      C                 -0.061
     3      C                 -0.118
     4      C                 -0.116
     5      C                 -0.114
     6      C                 -0.079
     7      C                 -0.151
     8      C                  0.311
     9      O                 -0.347
    10      N                 -0.314
    11      C                  0.031
    12      C                 -0.091
    13      N                 -0.118
    14      C                 -0.101
    15      C                 -0.150
    16      C                 -0.064
    17      C                 -0.148
    18      C                 -0.192
    19      C                 -0.217
    20      C                 -0.134
    21      H                  0.152
    22      H                  0.144
    23      H                  0.147
    24      H                  0.119
    25      H                  0.135
    26      H                  0.243
    27      H                  0.198
    28      H                  0.160
    29      H                  0.145
    30      H                  0.132
    31      H                  0.114
    32      H                  0.117
    33      H                  0.113
    34      H                  0.117
    35      H                  0.146
 Total Mulliken Charge =       0.000
 
                  X        Y        Z     TOTAL  
  QM DIPOLE     3.005   -1.849    3.185    4.754
 
 Final Structure

  QMMM: QM Region Cartesian Coordinates (*=link atom) 
  QMMM: QM_NO.   MM_NO.  ATOM         X         Y         Z
  QMMM:     1        1      Cl       3.1680   -2.2873    2.1472
  QMMM:     2        2      C        3.1880   -1.2686    0.7863
  QMMM:     3        3      C        4.1227   -0.2314    0.7086
  QMMM:     4        4      C        4.1285    0.5976   -0.4122
  QMMM:     5        5      C        3.2135    0.3974   -1.4443
  QMMM:     6        6      C        2.2771   -0.6403   -1.3642
  QMMM:     7        7      C        1.3137   -0.8648   -2.4733
  QMMM:     8        8      C        0.0546   -0.0108   -2.3647
  QMMM:     9        9      O       -0.3636    0.6107   -3.3574
  QMMM:    10       10      N       -0.5894   -0.0173   -1.1369
  QMMM:    11       11      C       -1.7442    0.6923   -0.7868
  QMMM:    12       12      C       -2.5829    1.3331   -1.7479
  QMMM:    13       13      N       -3.7043    1.9937   -1.4296
  QMMM:    14       14      C       -4.0589    2.0553   -0.1321
  QMMM:    15       15      C       -3.3095    1.4635    0.8951
  QMMM:    16       16      C       -2.1367    0.7720    0.5780
  QMMM:    17       17      C       -1.3174    0.1804    1.6454
  QMMM:    18       18      C       -1.9602   -0.5389    2.8029
  QMMM:    19       19      C       -1.1900   -1.3180    1.7810
  QMMM:    20       20      C        2.2669   -1.4784   -0.2435
  QMMM:    21       21      H        4.8472   -0.0719    1.5215
  QMMM:    22       22      H        4.8621    1.4154   -0.4812
  QMMM:    23       23      H        3.2253    1.0564   -2.3264
  QMMM:    24       24      H        0.9987   -1.9427   -2.5116
  QMMM:    25       25      H        1.7948   -0.6154   -3.4587
  QMMM:    26       26      H       -0.1294   -0.4909   -0.3864
  QMMM:    27       27      H       -2.3304    1.3154   -2.8269
  QMMM:    28       28      H       -4.9888    2.6079    0.0887
  QMMM:    29       29      H       -3.6360    1.5425    1.9413
  QMMM:    30       30      H       -0.4158    0.7944    1.8606
  QMMM:    31       31      H       -1.5325   -0.4026    3.8121
  QMMM:    32       32      H       -3.0607   -0.6338    2.8292
  QMMM:    33       33      H       -0.2070   -1.7425    2.0535
  QMMM:    34       34      H       -1.7425   -1.9685    1.0794
  QMMM:    35       35      H        1.5421   -2.3049   -0.1775

           --------- Calculation Completed ----------

