-I: Adding /home/rzhu/miniconda3/envs/BSS/dat/leap/prep to search path.
-I: Adding /home/rzhu/miniconda3/envs/BSS/dat/leap/lib to search path.
-I: Adding /home/rzhu/miniconda3/envs/BSS/dat/leap/parm to search path.
-I: Adding /home/rzhu/miniconda3/envs/BSS/dat/leap/cmd to search path.
-f: Source leap.txt.

Welcome to LEaP!
(no leaprc in search path)
Sourcing: ./leap.txt
----- Source: /home/rzhu/miniconda3/envs/BSS/dat/leap/cmd/leaprc.protein.ff14SB
----- Source of /home/rzhu/miniconda3/envs/BSS/dat/leap/cmd/leaprc.protein.ff14SB done
Log file: ./leap.log
Loading parameters: /home/rzhu/miniconda3/envs/BSS/dat/leap/parm/parm10.dat
Reading title:
PARM99 + frcmod.ff99SB + frcmod.parmbsc0 + OL3 for RNA
Loading parameters: /home/rzhu/miniconda3/envs/BSS/dat/leap/parm/frcmod.ff14SB
Reading force field modification type file (frcmod)
Reading title:
ff14SB protein backbone and sidechain parameters
Loading library: /home/rzhu/miniconda3/envs/BSS/dat/leap/lib/amino12.lib
Loading library: /home/rzhu/miniconda3/envs/BSS/dat/leap/lib/aminoct12.lib
Loading library: /home/rzhu/miniconda3/envs/BSS/dat/leap/lib/aminont12.lib
Loading PDB file: ./leap.pdb
-- residue 581: duplicate [ CA] atoms (total 2)
-- residue 581: duplicate [ CB] atoms (total 2)
-- residue 581: duplicate [ CD] atoms (total 2)
-- residue 581: duplicate [ CG] atoms (total 2)
-- residue 581: duplicate [ CZ] atoms (total 2)
-- residue 581: duplicate [ NE] atoms (total 2)
-- residue 581: duplicate [ NH1] atoms (total 2)
-- residue 581: duplicate [ NH2] atoms (total 2)
-- residue 92: duplicate [ CA] atoms (total 2)
-- residue 92: duplicate [ CB] atoms (total 2)
-- residue 92: duplicate [ CG] atoms (total 2)
-- residue 92: duplicate [ OD1] atoms (total 2)
-- residue 92: duplicate [ OD2] atoms (total 2)

/home/rzhu/miniconda3/envs/BSS/bin/teLeap: Warning!
Atom names in each residue should be unique.
     (Same-name atoms are handled by using the first
      occurrence and by ignoring the rest.
      Frequently duplicate atom names stem from alternate
      conformations in the PDB file.)

  Added missing heavy atom: .R<CGLY 302>.A<OXT 8>
  Added missing heavy atom: .R<CGLN 608>.A<OXT 18>
  total atoms in file: 4713
  Leap added 4597 missing atoms according to residue templates:
       2 Heavy
       4595 H / lone pairs
Checking Unit.

/home/rzhu/miniconda3/envs/BSS/bin/teLeap: Warning!
The unperturbed charge of the unit (-8.000000) is not zero.

/home/rzhu/miniconda3/envs/BSS/bin/teLeap: Note.
Ignoring the warning from Unit Checking.

Building topology.
Building atom parameters.
Building bond parameters.
Building angle parameters.
Building proper torsion parameters.
Building improper torsion parameters.
 total 1932 improper torsions applied
Building H-Bond parameters.
Incorporating Non-Bonded adjustments.
Not Marking per-residue atom chain types.
Marking per-residue atom chain types.
  (Residues lacking connect0/connect1 - 
   these don't have chain types marked:

	res	total affected

	CGLN	1
	CGLY	1
	NSER	2
  )
 (no restraints)
	Quit

Exiting LEaP: Errors = 0; Warnings = 2; Notes = 1.
