            --------------------------------------------------------
                             AMBER SQM VERSION 19
 
                                     By
              Ross C. Walker, Michael F. Crowley, Scott Brozell,
                         Tim Giese, Andreas W. Goetz,
                        Tai-Sung Lee and David A. Case
 
            --------------------------------------------------------
 

--------------------------------------------------------------------------------
  QM CALCULATION INFO
--------------------------------------------------------------------------------

| QMMM: Citation for AMBER QMMM Run:
| QMMM: R.C. Walker, M.F. Crowley and D.A. Case, J. COMP. CHEM. 29:1019, 2008

QMMM: SINGLET STATE CALCULATION
QMMM: RHF CALCULATION, NO. OF DOUBLY OCCUPIED LEVELS = 49

| QMMM: *** Selected Hamiltonian *** 
| QMMM: AM1         

| QMMM: *** Parameter sets in use ***
| QMMM: C : M.J.S.DEWAR et al. JACS, 107, 3902, (1985)
| QMMM: N : M.J.S.DEWAR et al. JACS, 107, 3902, (1985)
| QMMM: O : M.J.S.DEWAR et al. JACS, 107, 3902, (1985)
| QMMM: Cl: M.J.S.DEWAR et al. THEOCHEM, 180, 1, (1988)
| QMMM: H : M.J.S.DEWAR et al. JACS, 107, 3902, (1985)

| QMMM: *** SCF convergence criteria ***
| QMMM: Energy change                :  0.1D-09 kcal/mol
| QMMM: Error matrix |FP-PF|         :  0.1D+00 au
| QMMM: Density matrix change        :  0.5D-06
| QMMM: Maximum number of SCF cycles :     1000

| QMMM: *** Diagonalization Routine Information ***
| QMMM: Pseudo diagonalizations are allowed.
| QMMM: Auto diagonalization routine selection is in use.
| QMMM:
| QMMM: Timing diagonalization routines:
| QMMM:                              norbs =       90
| QMMM:    diag iterations used for timing =       15
| QMMM:
| QMMM:              Internal diag routine = 0.043717 seconds
| QMMM:                 Dspev diag routine = 0.037513 seconds
| QMMM:                Dspevd diag routine = 0.013680 seconds
| QMMM:                Dspevx diag routine = 0.065556 seconds
| QMMM:                 Dsyev diag routine = 0.042464 seconds
| QMMM:                Dsyevd diag routine = 0.035395 seconds
| QMMM:                Dsyevr diag routine = 0.031782 seconds
| QMMM:
| QMMM:                Pseudo diag routine = 0.014667 seconds
| QMMM: Pseudo diagonalization appears to be slower than regular
| QMMM: diagonalization. Setting pseudo_diag=0 for optimum performance.
| QMMM:
| QMMM: Using dspevd routine (diag_routine=3).

  QMMM: QM Region Cartesian Coordinates (*=link atom) 
  QMMM: QM_NO.   MM_NO.  ATOM         X         Y         Z
  QMMM:     1        1      C       -3.3450   -0.3850    1.7450
  QMMM:     2        2      C       -3.1340   -0.1450    0.2830
  QMMM:     3        3      C       -4.2170   -0.0360   -0.5530
  QMMM:     4        4      N       -5.5260   -0.1500   -0.0320
  QMMM:     5        5      C       -4.0990    0.1840   -1.9040
  QMMM:     6        6      N       -2.8610    0.2920   -2.3970
  QMMM:     7        7      C       -1.7610    0.1940   -1.6240
  QMMM:     8        8      C       -1.8620   -0.0270   -0.2690
  QMMM:     9        9      N       -0.7360   -0.1360    0.5770
  QMMM:    10       10      C        0.6220   -0.0480    0.2270
  QMMM:    11       11      O        1.0210    0.1450   -0.9220
  QMMM:    12       12      C        1.6640   -0.1940    1.2840
  QMMM:    13       13      C        3.0230   -0.0770    0.7520
  QMMM:    14       14      C        3.7750   -1.1260    0.2890
  QMMM:    15       15      C        5.0600   -0.9290   -0.2020
  QMMM:    16       16      C        5.6020    0.3310   -0.2310
  QMMM:    17       17      C        4.8670    1.3990    0.2280
  QMMM:    18       18      Cl       5.5960    2.9880    0.1720
  QMMM:    19       19      C        3.6010    1.1940    0.7090
  QMMM:    20       20      H       -2.7380   -1.2400    2.1040
  QMMM:    21       21      H       -4.3940   -0.6460    1.9120
  QMMM:    22       22      H       -3.1310    0.5280    2.3410
  QMMM:    23       23      H       -5.9730    0.6670    0.3980
  QMMM:    24       24      H       -6.0190   -1.0490   -0.0880
  QMMM:    25       25      H       -4.9770    0.2640   -2.5290
  QMMM:    26       26      H       -0.7860    0.2970   -2.1260
  QMMM:    27       27      H       -0.9910   -0.3090    1.6180
  QMMM:    28       28      H        1.5380    0.5830    2.0790
  QMMM:    29       29      H        1.5540   -1.2250    1.7150
  QMMM:    30       30      H        3.3530   -2.1180    0.3100
  QMMM:    31       31      H        5.6460   -1.7600   -0.5640
  QMMM:    32       32      H        6.6000    0.4960   -0.6100
  QMMM:    33       33      H        3.0290    2.0380    1.0690

--------------------------------------------------------------------------------
  RESULTS
--------------------------------------------------------------------------------

      iter         sqm energy              rms gradient
      ----    -------------------    -----------------------
xmin    10       13.6692 kcal/mol        1.4869 kcal/(mol*A)
xmin    20       12.2943 kcal/mol        1.2412 kcal/(mol*A)
xmin    30       10.4991 kcal/mol        0.6160 kcal/(mol*A)
xmin    40       10.0810 kcal/mol        0.5990 kcal/(mol*A)
xmin    50       10.0270 kcal/mol        0.0992 kcal/(mol*A)
xmin    60        9.9833 kcal/mol        0.3540 kcal/(mol*A)
xmin    70        9.9279 kcal/mol        0.3218 kcal/(mol*A)
xmin    80        9.7695 kcal/mol        0.7969 kcal/(mol*A)
xmin    90        9.6003 kcal/mol        0.6692 kcal/(mol*A)
xmin   100        9.3987 kcal/mol        0.4712 kcal/(mol*A)
xmin   110        9.2821 kcal/mol        0.2360 kcal/(mol*A)
xmin   120        9.0806 kcal/mol        0.7190 kcal/(mol*A)
xmin   130        8.7393 kcal/mol        1.1210 kcal/(mol*A)
xmin   140        8.3795 kcal/mol        0.3002 kcal/(mol*A)
xmin   150        8.2247 kcal/mol        0.4216 kcal/(mol*A)
xmin   160        8.1531 kcal/mol        0.2496 kcal/(mol*A)
xmin   170        8.0852 kcal/mol        0.1035 kcal/(mol*A)
xmin   180        8.0364 kcal/mol        0.1925 kcal/(mol*A)
xmin   190        7.9144 kcal/mol        0.2479 kcal/(mol*A)
xmin   200        7.8158 kcal/mol        0.6417 kcal/(mol*A)
xmin   210        7.6956 kcal/mol        0.1070 kcal/(mol*A)
xmin   220        7.5415 kcal/mol        0.4508 kcal/(mol*A)
xmin   230        7.4762 kcal/mol        0.0745 kcal/(mol*A)
xmin   240        7.4366 kcal/mol        0.2970 kcal/(mol*A)
xmin   250        7.3960 kcal/mol        0.2873 kcal/(mol*A)
xmin   260        7.3611 kcal/mol        0.1578 kcal/(mol*A)
xmin   270        7.3125 kcal/mol        0.1359 kcal/(mol*A)
xmin   280        7.2720 kcal/mol        0.6083 kcal/(mol*A)
xmin   290        7.2370 kcal/mol        0.3002 kcal/(mol*A)
xmin   300        7.1449 kcal/mol        0.5056 kcal/(mol*A)
xmin   310        7.0712 kcal/mol        0.2088 kcal/(mol*A)
xmin   320        7.0442 kcal/mol        0.2097 kcal/(mol*A)
xmin   330        7.0397 kcal/mol        0.0687 kcal/(mol*A)
xmin   340        7.0357 kcal/mol        0.0729 kcal/(mol*A)
xmin   350        7.0064 kcal/mol        0.1300 kcal/(mol*A)
xmin   360        6.9927 kcal/mol        0.2431 kcal/(mol*A)
xmin   370        6.9691 kcal/mol        0.1646 kcal/(mol*A)
xmin   380        6.9592 kcal/mol        0.2048 kcal/(mol*A)
xmin   390        6.9460 kcal/mol        0.0660 kcal/(mol*A)
xmin   400        6.9230 kcal/mol        0.1237 kcal/(mol*A)
xmin   410        6.8916 kcal/mol        0.1228 kcal/(mol*A)
xmin   420        6.8535 kcal/mol        0.0830 kcal/(mol*A)
xmin   430        6.8357 kcal/mol        0.6080 kcal/(mol*A)
xmin   440        6.8154 kcal/mol        0.0714 kcal/(mol*A)
xmin   450        6.8111 kcal/mol        0.0654 kcal/(mol*A)
xmin   460        6.8066 kcal/mol        0.0901 kcal/(mol*A)
xmin   470        6.8029 kcal/mol        0.0990 kcal/(mol*A)
xmin   480        6.8021 kcal/mol        0.0387 kcal/(mol*A)
xmin   490        6.8012 kcal/mol        0.0502 kcal/(mol*A)
xmin   500        6.8009 kcal/mol        0.0173 kcal/(mol*A)
xmin   510        6.8005 kcal/mol        0.0306 kcal/(mol*A)
xmin   520        6.7997 kcal/mol        0.0133 kcal/(mol*A)
xmin   530        6.7995 kcal/mol        0.0088 kcal/(mol*A)
xmin   540        6.8053 kcal/mol        0.1869 kcal/(mol*A)
xmin   550        6.8009 kcal/mol        0.0425 kcal/(mol*A)
xmin   560        6.7998 kcal/mol        0.0189 kcal/(mol*A)
xmin   570        6.7996 kcal/mol        0.0081 kcal/(mol*A)
xmin   580        6.7995 kcal/mol        0.0082 kcal/(mol*A)
xmin   590        6.7994 kcal/mol        0.0243 kcal/(mol*A)
xmin   600        6.7992 kcal/mol        0.0162 kcal/(mol*A)
xmin   610        6.7992 kcal/mol        0.0113 kcal/(mol*A)
xmin   620        6.7992 kcal/mol        0.0272 kcal/(mol*A)
xmin   630        6.7991 kcal/mol        0.0186 kcal/(mol*A)
xmin   640        6.7991 kcal/mol        0.0040 kcal/(mol*A)
xmin   650        6.7991 kcal/mol        0.0017 kcal/(mol*A)
xmin   660        6.7990 kcal/mol        0.0027 kcal/(mol*A)
xmin   670        6.7990 kcal/mol        0.0029 kcal/(mol*A)
xmin   680        6.7990 kcal/mol        0.0014 kcal/(mol*A)
xmin   690        6.7990 kcal/mol        0.0036 kcal/(mol*A)
  ... geometry converged !
 
 Final MO eigenvalues (eV):
 -41.0241  -40.2762  -39.2140  -37.8501  -36.2198  -35.9559  -34.2605  -32.5423
 -31.8399  -29.6540  -28.5762  -28.1156  -24.3455  -23.9724  -23.0855  -22.6620
 -21.2209  -19.0854  -18.6344  -17.9613  -17.4560  -17.0643  -16.8754  -16.8116
 -16.4122  -15.9061  -15.3270  -15.3042  -15.0043  -14.9590  -14.6591  -14.2794
 -13.8073  -13.7552  -13.7200  -13.5402  -12.9582  -12.7501  -12.7016  -12.6417
 -12.2866  -12.0820  -11.7212  -11.1675  -10.5516  -10.1885   -9.8734   -9.3105
  -8.5650   -0.3114   -0.2084    0.1090    0.3763    1.0228    1.2869    1.5757
   2.1533    2.7772    2.9012    3.0923    3.2435    3.3872    3.4251    3.4893
   3.6273    3.7051    3.7506    3.8718    3.9115    3.9594    4.0347    4.1248
   4.2093    4.2773    4.4155    4.4558    4.5750    4.7401    4.8219    4.8436
   5.0205    5.0416    5.0944    5.3305    5.6604    5.9501    5.9695    6.0904
   6.7604    7.1609

 Heat of formation   =          6.79900375 kcal/mol  (        0.29482693 eV)

 Total SCF energy    =     -76103.89632697 kcal/mol  (    -3300.11258519 eV)
 Electronic energy   =    -470122.72040053 kcal/mol  (   -20386.05092583 eV)
 Core-core repulsion =     394018.82407356 kcal/mol  (    17085.93834064 eV)
 
    Atomic Charges for Step       1 :
  Atom    Element       Mulliken Charge
     1      C                 -0.173
     2      C                 -0.143
     3      C                  0.028
     4      N                 -0.320
     5      C                 -0.150
     6      N                 -0.092
     7      C                 -0.127
     8      C                  0.062
     9      N                 -0.322
    10      C                  0.312
    11      O                 -0.345
    12      C                 -0.152
    13      C                 -0.080
    14      C                 -0.114
    15      C                 -0.115
    16      C                 -0.118
    17      C                 -0.059
    18      Cl                -0.011
    19      C                 -0.135
    20      H                  0.076
    21      H                  0.077
    22      H                  0.092
    23      H                  0.186
    24      H                  0.188
    25      H                  0.158
    26      H                  0.194
    27      H                  0.239
    28      H                  0.119
    29      H                  0.135
    30      H                  0.146
    31      H                  0.144
    32      H                  0.152
    33      H                  0.146
 Total Mulliken Charge =      -0.000
 
                  X        Y        Z     TOTAL  
  QM DIPOLE     1.023    3.443    2.838    4.578
 
 Final Structure

  QMMM: QM Region Cartesian Coordinates (*=link atom) 
  QMMM: QM_NO.   MM_NO.  ATOM         X         Y         Z
  QMMM:     1        1      C       -2.0585    1.1796    1.2100
  QMMM:     2        2      C       -2.3796    0.2003    0.1444
  QMMM:     3        3      C       -3.6343    0.2818   -0.5162
  QMMM:     4        4      N       -4.5221    1.3370   -0.2981
  QMMM:     5        5      C       -3.9429   -0.7071   -1.4965
  QMMM:     6        6      N       -3.1052   -1.6911   -1.8421
  QMMM:     7        7      C       -1.9043   -1.7464   -1.2515
  QMMM:     8        8      C       -1.4753   -0.8160   -0.2608
  QMMM:     9        9      N       -0.1847   -0.8780    0.2843
  QMMM:    10       10      C        0.6520   -1.9828    0.3104
  QMMM:    11       11      O        0.3400   -3.0912   -0.1593
  QMMM:    12       12      C        2.0016   -1.8013    0.9970
  QMMM:    13       13      C        2.6702   -0.5115    0.6846
  QMMM:    14       14      C        3.4622   -0.3875   -0.4629
  QMMM:    15       15      C        4.1016    0.8182   -0.7467
  QMMM:    16       16      C        3.9620    1.9108    0.1077
  QMMM:    17       17      C        3.1731    1.7844    1.2555
  QMMM:    18       18      Cl       2.9957    3.1075    2.3079
  QMMM:    19       19      C        2.5274    0.5803    1.5486
  QMMM:    20       20      H       -1.1883    0.8819    1.8427
  QMMM:    21       21      H       -2.9223    1.2944    1.9152
  QMMM:    22       22      H       -1.8381    2.1808    0.7595
  QMMM:    23       23      H       -4.4470    1.7750    0.5932
  QMMM:    24       24      H       -5.4633    1.1352   -0.5565
  QMMM:    25       25      H       -4.9100   -0.6935   -2.0295
  QMMM:    26       26      H       -1.2523   -2.5811   -1.5738
  QMMM:    27       27      H        0.1717   -0.0298    0.6686
  QMMM:    28       28      H        1.8335   -1.9012    2.1038
  QMMM:    29       29      H        2.6512   -2.6605    0.6735
  QMMM:    30       30      H        3.5789   -1.2458   -1.1427
  QMMM:    31       31      H        4.7219    0.9098   -1.6514
  QMMM:    32       32      H        4.4684    2.8613   -0.1185
  QMMM:    33       33      H        1.9177    0.4866    2.4607

           --------- Calculation Completed ----------

